c:\users\leonm\downloads\nccl-master\windows\nccl.11.8\x64\release.11.8\all_gather.cu.obj
c:\users\leonm\downloads\nccl-master\windows\nccl.11.8\x64\release.11.8\all_reduce.cu.obj
c:\users\leonm\downloads\nccl-master\windows\nccl.11.8\x64\release.11.8\broadcast.cu.obj
c:\users\leonm\downloads\nccl-master\windows\nccl.11.8\x64\release.11.8\core.cu.obj
c:\users\leonm\downloads\nccl-master\windows\nccl.11.8\x64\release.11.8\libwrap.cu.obj
c:\users\leonm\downloads\nccl-master\windows\nccl.11.8\x64\release.11.8\reduce.cu.obj
c:\users\leonm\downloads\nccl-master\windows\nccl.11.8\x64\release.11.8\reduce_scatter.cu.obj
c:\users\leonm\downloads\nccl-master\windows\x64\release\nccl64_134.11.8.dll
c:\users\leonm\downloads\nccl-master\windows\x64\release\nccl64_134.11.8.pdb
c:\users\leonm\downloads\nccl-master\windows\x64\release\obj.11.8\nccl.11.8.res
c:\users\leonm\downloads\nccl-master\windows\x64\release\nccl64_134.11.8.lib
c:\users\leonm\downloads\nccl-master\windows\x64\release\nccl64_134.11.8.exp
c:\users\leonm\downloads\nccl-master\windows\x64\release\obj.11.8\all_gather.cu.cache
c:\users\leonm\downloads\nccl-master\windows\x64\release\obj.11.8\all_reduce.cu.cache
c:\users\leonm\downloads\nccl-master\windows\x64\release\obj.11.8\broadcast.cu.cache
c:\users\leonm\downloads\nccl-master\windows\x64\release\obj.11.8\core.cu.cache
c:\users\leonm\downloads\nccl-master\windows\x64\release\obj.11.8\libwrap.cu.cache
c:\users\leonm\downloads\nccl-master\windows\x64\release\obj.11.8\reduce.cu.cache
c:\users\leonm\downloads\nccl-master\windows\x64\release\obj.11.8\reduce_scatter.cu.cache
c:\users\leonm\downloads\nccl-master\windows\x64\release\obj.11.8\nccl.11.8.tlog\cudacompile.read.1u.tlog
c:\users\leonm\downloads\nccl-master\windows\x64\release\obj.11.8\nccl.11.8.tlog\cudacompile.write.1u.tlog
c:\users\leonm\downloads\nccl-master\windows\x64\release\obj.11.8\nccl.11.8.tlog\link.command.1.tlog
c:\users\leonm\downloads\nccl-master\windows\x64\release\obj.11.8\nccl.11.8.tlog\link.read.1.tlog
c:\users\leonm\downloads\nccl-master\windows\x64\release\obj.11.8\nccl.11.8.tlog\link.secondary.1.tlog
c:\users\leonm\downloads\nccl-master\windows\x64\release\obj.11.8\nccl.11.8.tlog\link.write.1.tlog
c:\users\leonm\downloads\nccl-master\windows\x64\release\obj.11.8\nccl.11.8.tlog\rc.command.1.tlog
c:\users\leonm\downloads\nccl-master\windows\x64\release\obj.11.8\nccl.11.8.tlog\rc.read.1.tlog
c:\users\leonm\downloads\nccl-master\windows\x64\release\obj.11.8\nccl.11.8.tlog\rc.write.1.tlog
