c:\users\leonm\downloads\nccl-master\windows\nccl.12.5\x64\release.12.5\all_gather.cu.obj
c:\users\leonm\downloads\nccl-master\windows\nccl.12.5\x64\release.12.5\all_reduce.cu.obj
c:\users\leonm\downloads\nccl-master\windows\nccl.12.5\x64\release.12.5\broadcast.cu.obj
c:\users\leonm\downloads\nccl-master\windows\nccl.12.5\x64\release.12.5\core.cu.obj
c:\users\leonm\downloads\nccl-master\windows\nccl.12.5\x64\release.12.5\libwrap.cu.obj
c:\users\leonm\downloads\nccl-master\windows\nccl.12.5\x64\release.12.5\reduce.cu.obj
c:\users\leonm\downloads\nccl-master\windows\nccl.12.5\x64\release.12.5\reduce_scatter.cu.obj
c:\users\leonm\downloads\nccl-master\windows\x64\release\nccl64_134.12.5.dll
c:\users\leonm\downloads\nccl-master\windows\x64\release\nccl64_134.12.5.pdb
c:\users\leonm\downloads\nccl-master\windows\x64\release\obj.12.5\nccl.12.5.res
c:\users\leonm\downloads\nccl-master\windows\x64\release\nccl64_134.12.5.lib
c:\users\leonm\downloads\nccl-master\windows\x64\release\nccl64_134.12.5.exp
c:\users\leonm\downloads\nccl-master\windows\x64\release\obj.12.5\all_gather.cu.cache
c:\users\leonm\downloads\nccl-master\windows\x64\release\obj.12.5\all_reduce.cu.cache
c:\users\leonm\downloads\nccl-master\windows\x64\release\obj.12.5\broadcast.cu.cache
c:\users\leonm\downloads\nccl-master\windows\x64\release\obj.12.5\core.cu.cache
c:\users\leonm\downloads\nccl-master\windows\x64\release\obj.12.5\libwrap.cu.cache
c:\users\leonm\downloads\nccl-master\windows\x64\release\obj.12.5\reduce.cu.cache
c:\users\leonm\downloads\nccl-master\windows\x64\release\obj.12.5\reduce_scatter.cu.cache
c:\users\leonm\downloads\nccl-master\windows\x64\release\obj.12.5\nccl.12.5.tlog\cudacompile.read.1u.tlog
c:\users\leonm\downloads\nccl-master\windows\x64\release\obj.12.5\nccl.12.5.tlog\cudacompile.write.1u.tlog
c:\users\leonm\downloads\nccl-master\windows\x64\release\obj.12.5\nccl.12.5.tlog\link.command.1.tlog
c:\users\leonm\downloads\nccl-master\windows\x64\release\obj.12.5\nccl.12.5.tlog\link.read.1.tlog
c:\users\leonm\downloads\nccl-master\windows\x64\release\obj.12.5\nccl.12.5.tlog\link.secondary.1.tlog
c:\users\leonm\downloads\nccl-master\windows\x64\release\obj.12.5\nccl.12.5.tlog\link.write.1.tlog
c:\users\leonm\downloads\nccl-master\windows\x64\release\obj.12.5\nccl.12.5.tlog\rc.command.1.tlog
c:\users\leonm\downloads\nccl-master\windows\x64\release\obj.12.5\nccl.12.5.tlog\rc.read.1.tlog
c:\users\leonm\downloads\nccl-master\windows\x64\release\obj.12.5\nccl.12.5.tlog\rc.write.1.tlog
