c:\users\leonm\downloads\nccl-master\windows\nccl.12.1\x64\release.12.1\all_gather.cu.obj
c:\users\leonm\downloads\nccl-master\windows\nccl.12.1\x64\release.12.1\all_reduce.cu.obj
c:\users\leonm\downloads\nccl-master\windows\nccl.12.1\x64\release.12.1\broadcast.cu.obj
c:\users\leonm\downloads\nccl-master\windows\nccl.12.1\x64\release.12.1\core.cu.obj
c:\users\leonm\downloads\nccl-master\windows\nccl.12.1\x64\release.12.1\libwrap.cu.obj
c:\users\leonm\downloads\nccl-master\windows\nccl.12.1\x64\release.12.1\reduce.cu.obj
c:\users\leonm\downloads\nccl-master\windows\nccl.12.1\x64\release.12.1\reduce_scatter.cu.obj
c:\users\leonm\downloads\nccl-master\windows\x64\release\nccl64_134.12.1.dll
c:\users\leonm\downloads\nccl-master\windows\x64\release\nccl64_134.12.1.pdb
c:\users\leonm\downloads\nccl-master\windows\x64\release\obj.12.1\nccl.12.1.res
c:\users\leonm\downloads\nccl-master\windows\x64\release\nccl64_134.12.1.lib
c:\users\leonm\downloads\nccl-master\windows\x64\release\nccl64_134.12.1.exp
c:\users\leonm\downloads\nccl-master\windows\x64\release\obj.12.1\all_gather.cu.cache
c:\users\leonm\downloads\nccl-master\windows\x64\release\obj.12.1\all_reduce.cu.cache
c:\users\leonm\downloads\nccl-master\windows\x64\release\obj.12.1\broadcast.cu.cache
c:\users\leonm\downloads\nccl-master\windows\x64\release\obj.12.1\core.cu.cache
c:\users\leonm\downloads\nccl-master\windows\x64\release\obj.12.1\libwrap.cu.cache
c:\users\leonm\downloads\nccl-master\windows\x64\release\obj.12.1\reduce.cu.cache
c:\users\leonm\downloads\nccl-master\windows\x64\release\obj.12.1\reduce_scatter.cu.cache
c:\users\leonm\downloads\nccl-master\windows\x64\release\obj.12.1\nccl.12.1.tlog\cudacompile.read.1u.tlog
c:\users\leonm\downloads\nccl-master\windows\x64\release\obj.12.1\nccl.12.1.tlog\cudacompile.write.1u.tlog
c:\users\leonm\downloads\nccl-master\windows\x64\release\obj.12.1\nccl.12.1.tlog\link.command.1.tlog
c:\users\leonm\downloads\nccl-master\windows\x64\release\obj.12.1\nccl.12.1.tlog\link.read.1.tlog
c:\users\leonm\downloads\nccl-master\windows\x64\release\obj.12.1\nccl.12.1.tlog\link.secondary.1.tlog
c:\users\leonm\downloads\nccl-master\windows\x64\release\obj.12.1\nccl.12.1.tlog\link.write.1.tlog
c:\users\leonm\downloads\nccl-master\windows\x64\release\obj.12.1\nccl.12.1.tlog\rc.command.1.tlog
c:\users\leonm\downloads\nccl-master\windows\x64\release\obj.12.1\nccl.12.1.tlog\rc.read.1.tlog
c:\users\leonm\downloads\nccl-master\windows\x64\release\obj.12.1\nccl.12.1.tlog\rc.write.1.tlog
